{"level":"info","message":"🚀 MDA Housing API server running on port 3001","service":"mda-housing-api","timestamp":"2025-09-06T09:49:17.186Z"}
{"level":"info","message":"📊 Health check available at http://localhost:3001/health","service":"mda-housing-api","timestamp":"2025-09-06T09:49:17.194Z"}
{"level":"info","message":"🌍 Environment: development","service":"mda-housing-api","timestamp":"2025-09-06T09:49:17.195Z"}
{"level":"info","message":"🚀 MDA Housing API server running on port 3001","service":"mda-housing-api","timestamp":"2025-09-06T09:51:17.948Z"}
{"level":"info","message":"📊 Health check available at http://localhost:3001/health","service":"mda-housing-api","timestamp":"2025-09-06T09:51:17.957Z"}
{"level":"info","message":"🌍 Environment: development","service":"mda-housing-api","timestamp":"2025-09-06T09:51:17.958Z"}
{"level":"info","message":"Health check requested","service":"mda-housing-api","timestamp":"2025-09-06T09:51:18.982Z"}
{"level":"info","message":"Health check requested","service":"mda-housing-api","timestamp":"2025-09-06T09:51:24.273Z"}
{"level":"info","message":"Health check requested","service":"mda-housing-api","timestamp":"2025-09-06T09:52:43.595Z"}
{"level":"info","message":"🚀 MDA Housing API server running on port 3001","service":"mda-housing-api","timestamp":"2025-09-06T11:19:51.138Z"}
{"level":"info","message":"📊 Health check available at http://localhost:3001/health","service":"mda-housing-api","timestamp":"2025-09-06T11:19:51.149Z"}
{"level":"info","message":"🌍 Environment: development","service":"mda-housing-api","timestamp":"2025-09-06T11:19:51.150Z"}
{"level":"info","message":"🚀 MDA Housing API server running on port 3001","service":"mda-housing-api","timestamp":"2025-09-06T11:22:37.477Z"}
{"level":"info","message":"📊 Health check available at http://localhost:3001/health","service":"mda-housing-api","timestamp":"2025-09-06T11:22:37.488Z"}
{"level":"info","message":"🌍 Environment: development","service":"mda-housing-api","timestamp":"2025-09-06T11:22:37.489Z"}
{"level":"error","message":"Login error: JWT_SECRET not configured","service":"mda-housing-api","stack":"Error: JWT_SECRET not configured\n    at generateToken (C:\\Abbas\\Coding\\MDA_Housing\\dist\\routes\\auth.js:37:15)\n    at C:\\Abbas\\Coding\\MDA_Housing\\dist\\routes\\auth.js:88:23","timestamp":"2025-09-06T11:22:39.279Z"}
{"level":"info","message":"🚀 MDA Housing API server running on port 3001","service":"mda-housing-api","timestamp":"2025-09-06T11:23:33.414Z"}
{"level":"info","message":"📊 Health check available at http://localhost:3001/health","service":"mda-housing-api","timestamp":"2025-09-06T11:23:33.424Z"}
{"level":"info","message":"🌍 Environment: development","service":"mda-housing-api","timestamp":"2025-09-06T11:23:33.426Z"}
{"level":"error","message":"Login error: JWT_SECRET not configured","service":"mda-housing-api","stack":"Error: JWT_SECRET not configured\n    at generateToken (C:\\Abbas\\Coding\\MDA_Housing\\dist\\routes\\auth.js:37:15)\n    at C:\\Abbas\\Coding\\MDA_Housing\\dist\\routes\\auth.js:88:23","timestamp":"2025-09-06T11:23:46.026Z"}
{"level":"info","message":"🚀 MDA Housing API server running on port 3001","service":"mda-housing-api","timestamp":"2025-09-06T11:24:42.419Z"}
{"level":"info","message":"📊 Health check available at http://localhost:3001/health","service":"mda-housing-api","timestamp":"2025-09-06T11:24:42.425Z"}
{"level":"info","message":"🌍 Environment: development","service":"mda-housing-api","timestamp":"2025-09-06T11:24:42.429Z"}
{"level":"error","message":"Login error: JWT_SECRET not configured","service":"mda-housing-api","stack":"Error: JWT_SECRET not configured\n    at generateToken (C:\\Abbas\\Coding\\MDA_Housing\\dist\\routes\\auth.js:37:15)\n    at C:\\Abbas\\Coding\\MDA_Housing\\dist\\routes\\auth.js:91:23","timestamp":"2025-09-06T11:24:45.932Z"}
{"level":"info","message":"Health check requested","service":"mda-housing-api","timestamp":"2025-09-06T11:25:01.805Z"}
{"level":"info","message":"🚀 MDA Housing API server running on port 3001","service":"mda-housing-api","timestamp":"2025-09-06T11:25:20.432Z"}
{"level":"info","message":"📊 Health check available at http://localhost:3001/health","service":"mda-housing-api","timestamp":"2025-09-06T11:25:20.439Z"}
{"level":"info","message":"🌍 Environment: development","service":"mda-housing-api","timestamp":"2025-09-06T11:25:20.446Z"}
{"level":"info","message":"🚀 MDA Housing API server running on port 3001","service":"mda-housing-api","timestamp":"2025-09-06T11:25:44.481Z"}
{"level":"info","message":"📊 Health check available at http://localhost:3001/health","service":"mda-housing-api","timestamp":"2025-09-06T11:25:44.488Z"}
{"level":"info","message":"🌍 Environment: development","service":"mda-housing-api","timestamp":"2025-09-06T11:25:44.489Z"}
{"level":"info","message":"🚀 MDA Housing API server running on port 3001","service":"mda-housing-api","timestamp":"2025-09-06T11:30:54.666Z"}
{"level":"info","message":"📊 Health check available at http://localhost:3001/health","service":"mda-housing-api","timestamp":"2025-09-06T11:30:54.682Z"}
{"level":"info","message":"🌍 Environment: development","service":"mda-housing-api","timestamp":"2025-09-06T11:30:54.685Z"}
{"level":"info","message":"🚀 MDA Housing API server running on port 3001","service":"mda-housing-api","timestamp":"2025-09-06T11:32:19.315Z"}
{"level":"info","message":"📊 Health check available at http://localhost:3001/health","service":"mda-housing-api","timestamp":"2025-09-06T11:32:19.327Z"}
{"level":"info","message":"🌍 Environment: development","service":"mda-housing-api","timestamp":"2025-09-06T11:32:19.328Z"}
{"level":"info","message":"Health check requested","service":"mda-housing-api","timestamp":"2025-09-06T11:32:22.883Z"}
{"level":"info","message":"🚀 MDA Housing API server running on port 3001","service":"mda-housing-api","timestamp":"2025-09-06T11:33:13.881Z"}
{"level":"info","message":"📊 Health check available at http://localhost:3001/health","service":"mda-housing-api","timestamp":"2025-09-06T11:33:13.918Z"}
{"level":"info","message":"🌍 Environment: development","service":"mda-housing-api","timestamp":"2025-09-06T11:33:13.946Z"}
{"level":"warn","message":"Unknown guard: UNKNOWN_GUARD","service":"mda-housing-api","timestamp":"2025-09-06T12:26:26.270Z"}
{"level":"info","message":"🚀 MDA Housing API server running on port 3001","service":"mda-housing-api","timestamp":"2025-09-06T18:32:13.324Z"}
{"level":"info","message":"📊 Health check available at http://localhost:3001/health","service":"mda-housing-api","timestamp":"2025-09-06T18:32:13.329Z"}
{"level":"info","message":"🌍 Environment: development","service":"mda-housing-api","timestamp":"2025-09-06T18:32:13.329Z"}
{"level":"info","message":"Created bucket: mda-housing-documents","service":"mda-housing-api","timestamp":"2025-09-06T18:32:13.586Z"}
{"level":"info","message":"Health check requested","service":"mda-housing-api","timestamp":"2025-09-06T18:32:14.743Z"}
{"level":"info","message":"User admin logged in successfully","service":"mda-housing-api","timestamp":"2025-09-06T18:32:23.797Z"}
{"level":"info","message":"Health check requested","service":"mda-housing-api","timestamp":"2025-09-06T18:33:11.323Z"}
{"level":"info","message":"User admin logged in successfully","service":"mda-housing-api","timestamp":"2025-09-06T18:33:14.526Z"}
{"level":"info","message":"File uploaded successfully: applications/cmf8lqsqx0003mtiow0s8m3dn/attachments/IntakeReceipt_1757183597124.html","service":"mda-housing-api","timestamp":"2025-09-06T18:33:17.209Z"}
{"level":"info","message":"Intake receipt generated for application cmf8lqsqx0003mtiow0s8m3dn: http://localhost:9000/mda-housing-documents/applications/cmf8lqsqx0003mtiow0s8m3dn/attachments/IntakeReceipt_1757183597124.html","service":"mda-housing-api","timestamp":"2025-09-06T18:33:17.211Z"}
{"level":"info","message":"Receipt record created for application cmf8lqsqx0003mtiow0s8m3dn","service":"mda-housing-api","timestamp":"2025-09-06T18:33:17.228Z"}
{"level":"info","message":"Intake receipt generated for application cmf8lqsqx0003mtiow0s8m3dn","service":"mda-housing-api","timestamp":"2025-09-06T18:33:17.243Z"}
{"level":"info","message":"Application created: cmf8lqsqx0003mtiow0s8m3dn by user admin with 0 attachments","service":"mda-housing-api","timestamp":"2025-09-06T18:33:17.249Z"}
{"level":"info","message":"User owo_officer logged in successfully","service":"mda-housing-api","timestamp":"2025-09-06T18:33:18.747Z"}
{"level":"info","message":"User bca_officer logged in successfully","service":"mda-housing-api","timestamp":"2025-09-06T18:33:19.964Z"}
{"level":"info","message":"User housing_officer logged in successfully","service":"mda-housing-api","timestamp":"2025-09-06T18:33:21.110Z"}
{"level":"info","message":"User accounts_officer logged in successfully","service":"mda-housing-api","timestamp":"2025-09-06T18:33:22.139Z"}
{"level":"info","message":"User approver logged in successfully","service":"mda-housing-api","timestamp":"2025-09-06T18:33:24.066Z"}
{"level":"warn","message":"Unknown guard: UNKNOWN_GUARD","service":"mda-housing-api","timestamp":"2025-09-06T18:36:03.220Z"}
{"level":"error","message":"GUARD_INTAKE_COMPLETE error: Database error","service":"mda-housing-api","stack":"Error: Database error\n    at Object.<anonymous> (C:\\Abbas\\Coding\\MDA_Housing\\backend\\src\\test\\guards.test.ts:674:51)\n    at Promise.then.completed (C:\\Abbas\\Coding\\MDA_Housing\\node_modules\\jest-circus\\build\\utils.js:298:28)\n    at new Promise (<anonymous>)\n    at callAsyncCircusFn (C:\\Abbas\\Coding\\MDA_Housing\\node_modules\\jest-circus\\build\\utils.js:231:10)\n    at _callCircusTest (C:\\Abbas\\Coding\\MDA_Housing\\node_modules\\jest-circus\\build\\run.js:316:40)\n    at processTicksAndRejections (node:internal/process/task_queues:105:5)\n    at _runTest (C:\\Abbas\\Coding\\MDA_Housing\\node_modules\\jest-circus\\build\\run.js:252:3)\n    at _runTestsForDescribeBlock (C:\\Abbas\\Coding\\MDA_Housing\\node_modules\\jest-circus\\build\\run.js:126:9)\n    at _runTestsForDescribeBlock (C:\\Abbas\\Coding\\MDA_Housing\\node_modules\\jest-circus\\build\\run.js:121:9)\n    at _runTestsForDescribeBlock (C:\\Abbas\\Coding\\MDA_Housing\\node_modules\\jest-circus\\build\\run.js:121:9)\n    at run (C:\\Abbas\\Coding\\MDA_Housing\\node_modules\\jest-circus\\build\\run.js:71:3)\n    at runAndTransformResultsToJestFormat (C:\\Abbas\\Coding\\MDA_Housing\\node_modules\\jest-circus\\build\\legacy-code-todo-rewrite\\jestAdapterInit.js:122:21)\n    at jestAdapter (C:\\Abbas\\Coding\\MDA_Housing\\node_modules\\jest-circus\\build\\legacy-code-todo-rewrite\\jestAdapter.js:79:19)\n    at runTestInternal (C:\\Abbas\\Coding\\MDA_Housing\\node_modules\\jest-runner\\build\\runTest.js:367:16)\n    at runTest (C:\\Abbas\\Coding\\MDA_Housing\\node_modules\\jest-runner\\build\\runTest.js:444:34)","timestamp":"2025-09-06T18:36:03.384Z"}
{"level":"info","message":"User admin logged in successfully","service":"mda-housing-api","timestamp":"2025-09-06T18:38:16.331Z"}
{"level":"info","message":"User owo_officer logged in successfully","service":"mda-housing-api","timestamp":"2025-09-06T18:38:16.940Z"}
{"level":"info","message":"User bca_officer logged in successfully","service":"mda-housing-api","timestamp":"2025-09-06T18:38:17.605Z"}
{"level":"info","message":"User housing_officer logged in successfully","service":"mda-housing-api","timestamp":"2025-09-06T18:38:18.143Z"}
{"level":"info","message":"User accounts_officer logged in successfully","service":"mda-housing-api","timestamp":"2025-09-06T18:38:18.747Z"}
{"level":"info","message":"User approver logged in successfully","service":"mda-housing-api","timestamp":"2025-09-06T18:38:19.319Z"}
{"level":"info","message":"File uploaded successfully: applications/cmf8lxa6w000cmtio1fmqqh1d/attachments/IntakeReceipt_1757183899372.html","service":"mda-housing-api","timestamp":"2025-09-06T18:38:19.394Z"}
{"level":"info","message":"Intake receipt generated for application cmf8lxa6w000cmtio1fmqqh1d: http://localhost:9000/mda-housing-documents/applications/cmf8lxa6w000cmtio1fmqqh1d/attachments/IntakeReceipt_1757183899372.html","service":"mda-housing-api","timestamp":"2025-09-06T18:38:19.395Z"}
{"level":"info","message":"Receipt record created for application cmf8lxa6w000cmtio1fmqqh1d","service":"mda-housing-api","timestamp":"2025-09-06T18:38:19.409Z"}
{"level":"info","message":"Intake receipt generated for application cmf8lxa6w000cmtio1fmqqh1d","service":"mda-housing-api","timestamp":"2025-09-06T18:38:19.414Z"}
{"level":"info","message":"Application created: cmf8lxa6w000cmtio1fmqqh1d by user admin with 0 attachments","service":"mda-housing-api","timestamp":"2025-09-06T18:38:19.430Z"}
{"error":"Application not found","ip":"::1","level":"error","message":"Error occurred:","method":"GET","service":"mda-housing-api","stack":"Error: Application not found\n    at createError (C:\\Abbas\\Coding\\MDA_Housing\\dist\\middleware\\errorHandler.js:18:12)\n    at C:\\Abbas\\Coding\\MDA_Housing\\dist\\routes\\workflow.js:165:50","timestamp":"2025-09-06T18:38:19.528Z","url":"/api/workflow/transitions?from=SUBMITTED&applicationId=cmf8lxa6w000cmtio1fmqqh1d&dryRun=true","userAgent":"node"}
{"error":"Application not found","ip":"::1","level":"error","message":"Error occurred:","method":"GET","service":"mda-housing-api","stack":"Error: Application not found\n    at createError (C:\\Abbas\\Coding\\MDA_Housing\\dist\\middleware\\errorHandler.js:18:12)\n    at C:\\Abbas\\Coding\\MDA_Housing\\dist\\routes\\workflow.js:165:50","timestamp":"2025-09-06T18:38:19.595Z","url":"/api/workflow/transitions?from=SUBMITTED&applicationId=cmf8lxa6w000cmtio1fmqqh1d&dryRun=true","userAgent":"node"}
{"error":"Application not found","ip":"::1","level":"error","message":"Error occurred:","method":"POST","service":"mda-housing-api","stack":"Error: Application not found\n    at createError (C:\\Abbas\\Coding\\MDA_Housing\\dist\\middleware\\errorHandler.js:18:12)\n    at C:\\Abbas\\Coding\\MDA_Housing\\dist\\routes\\workflow.js:313:46","timestamp":"2025-09-06T18:38:19.618Z","url":"/api/workflow/applications/cmf8lxa6w000cmtio1fmqqh1d/transition","userAgent":"node"}
{"error":"Application not found","ip":"::1","level":"error","message":"Error occurred:","method":"GET","service":"mda-housing-api","stack":"Error: Application not found\n    at createError (C:\\Abbas\\Coding\\MDA_Housing\\dist\\middleware\\errorHandler.js:18:12)\n    at C:\\Abbas\\Coding\\MDA_Housing\\dist\\routes\\workflow.js:165:50","timestamp":"2025-09-06T18:38:19.640Z","url":"/api/workflow/transitions?from=UNDER_SCRUTINY&applicationId=cmf8lxa6w000cmtio1fmqqh1d&dryRun=true","userAgent":"node"}
{"error":"Application not found","ip":"::1","level":"error","message":"Error occurred:","method":"POST","service":"mda-housing-api","stack":"Error: Application not found\n    at createError (C:\\Abbas\\Coding\\MDA_Housing\\dist\\middleware\\errorHandler.js:18:12)\n    at C:\\Abbas\\Coding\\MDA_Housing\\dist\\routes\\applications.js:505:46","timestamp":"2025-09-06T18:38:19.659Z","url":"/api/applications/cmf8lxa6w000cmtio1fmqqh1d/clearances","userAgent":"node"}
{"error":"Application not found","ip":"::1","level":"error","message":"Error occurred:","method":"POST","service":"mda-housing-api","stack":"Error: Application not found\n    at createError (C:\\Abbas\\Coding\\MDA_Housing\\dist\\middleware\\errorHandler.js:18:12)\n    at C:\\Abbas\\Coding\\MDA_Housing\\dist\\routes\\applications.js:505:46","timestamp":"2025-09-06T18:38:19.677Z","url":"/api/applications/cmf8lxa6w000cmtio1fmqqh1d/clearances","userAgent":"node"}
{"error":"Application not found","ip":"::1","level":"error","message":"Error occurred:","method":"POST","service":"mda-housing-api","stack":"Error: Application not found\n    at createError (C:\\Abbas\\Coding\\MDA_Housing\\dist\\middleware\\errorHandler.js:18:12)\n    at C:\\Abbas\\Coding\\MDA_Housing\\dist\\routes\\applications.js:887:46","timestamp":"2025-09-06T18:38:19.719Z","url":"/api/applications/cmf8lxa6w000cmtio1fmqqh1d/transfer-deed/draft","userAgent":"node"}
{"error":"Application not found","ip":"::1","level":"error","message":"Error occurred:","method":"POST","service":"mda-housing-api","stack":"Error: Application not found\n    at createError (C:\\Abbas\\Coding\\MDA_Housing\\dist\\middleware\\errorHandler.js:18:12)\n    at C:\\Abbas\\Coding\\MDA_Housing\\dist\\routes\\applications.js:955:46","timestamp":"2025-09-06T18:38:19.730Z","url":"/api/applications/cmf8lxa6w000cmtio1fmqqh1d/transfer-deed/finalize","userAgent":"node"}
{"level":"warn","message":"Unknown guard: UNKNOWN_GUARD","service":"mda-housing-api","timestamp":"2025-09-06T18:44:41.147Z"}
{"level":"error","message":"GUARD_INTAKE_COMPLETE error: Database error","service":"mda-housing-api","stack":"Error: Database error\n    at Object.<anonymous> (C:\\Abbas\\Coding\\MDA_Housing\\backend\\src\\test\\guards.test.ts:674:51)\n    at Promise.then.completed (C:\\Abbas\\Coding\\MDA_Housing\\node_modules\\jest-circus\\build\\utils.js:298:28)\n    at new Promise (<anonymous>)\n    at callAsyncCircusFn (C:\\Abbas\\Coding\\MDA_Housing\\node_modules\\jest-circus\\build\\utils.js:231:10)\n    at _callCircusTest (C:\\Abbas\\Coding\\MDA_Housing\\node_modules\\jest-circus\\build\\run.js:316:40)\n    at processTicksAndRejections (node:internal/process/task_queues:105:5)\n    at _runTest (C:\\Abbas\\Coding\\MDA_Housing\\node_modules\\jest-circus\\build\\run.js:252:3)\n    at _runTestsForDescribeBlock (C:\\Abbas\\Coding\\MDA_Housing\\node_modules\\jest-circus\\build\\run.js:126:9)\n    at _runTestsForDescribeBlock (C:\\Abbas\\Coding\\MDA_Housing\\node_modules\\jest-circus\\build\\run.js:121:9)\n    at _runTestsForDescribeBlock (C:\\Abbas\\Coding\\MDA_Housing\\node_modules\\jest-circus\\build\\run.js:121:9)\n    at run (C:\\Abbas\\Coding\\MDA_Housing\\node_modules\\jest-circus\\build\\run.js:71:3)\n    at runAndTransformResultsToJestFormat (C:\\Abbas\\Coding\\MDA_Housing\\node_modules\\jest-circus\\build\\legacy-code-todo-rewrite\\jestAdapterInit.js:122:21)\n    at jestAdapter (C:\\Abbas\\Coding\\MDA_Housing\\node_modules\\jest-circus\\build\\legacy-code-todo-rewrite\\jestAdapter.js:79:19)\n    at runTestInternal (C:\\Abbas\\Coding\\MDA_Housing\\node_modules\\jest-runner\\build\\runTest.js:367:16)\n    at runTest (C:\\Abbas\\Coding\\MDA_Housing\\node_modules\\jest-runner\\build\\runTest.js:444:34)\n    at Object.worker (C:\\Abbas\\Coding\\MDA_Housing\\node_modules\\jest-runner\\build\\testWorker.js:106:12)","timestamp":"2025-09-06T18:44:41.327Z"}
